11:47:59.509 [main] INFO  testCases.TC_001_AccountRegisterationTest - Entered Email
11:47:59.637 [main] INFO  testCases.TC_001_AccountRegisterationTest - Entered Telephone
11:47:59.708 [main] INFO  testCases.TC_001_AccountRegisterationTest - Entered Password
11:47:59.775 [main] INFO  testCases.TC_001_AccountRegisterationTest - Entered Confirmation Password
11:47:59.829 [main] INFO  testCases.TC_001_AccountRegisterationTest - Select Privacy Policy checkbox
11:48:03.450 [main] INFO  testCases.TC_001_AccountRegisterationTest - Clicked on continue button
11:48:03.496 [main] INFO  testCases.TC_001_AccountRegisterationTest - Validating expected message
11:48:03.496 [main] ERROR testCases.TC_001_AccountRegisterationTest - Test Failed....
11:56:07.118 [main] INFO  testCases.TC_002_LoginTest - **** Starting TC_002_LoginTest ****
11:56:07.147 [main] DEBUG testCases.TC_002_LoginTest - capturing application debug logs....
11:56:07.295 [main] INFO  testCases.TC_002_LoginTest - clicked on myaccount link on home page
11:56:09.570 [main] INFO  testCases.TC_002_LoginTest - clicked on login link
11:56:09.750 [main] INFO  testCases.TC_002_LoginTest - Email id entered
11:56:09.855 [main] INFO  testCases.TC_002_LoginTest - Password entered
11:56:10.639 [main] INFO  testCases.TC_002_LoginTest - Clicked on login button
11:56:10.682 [main] INFO  testCases.TC_002_LoginTest - Login test passed
11:56:10.682 [main] INFO  testCases.TC_002_LoginTest - **** Ending TC_002_LoginTest ****
11:57:23.941 [main] INFO  testCases.TC_001_AccountRegisterationTest - **** starting TC_001_AccountRegisterationTest ****
11:57:23.951 [main] DEBUG testCases.TC_001_AccountRegisterationTest - Application logs started
11:57:25.240 [main] INFO  testCases.TC_001_AccountRegisterationTest - Clicked on My Account link
11:57:26.042 [main] INFO  testCases.TC_001_AccountRegisterationTest - Clicked on Registration link
11:57:26.200 [main] INFO  testCases.TC_001_AccountRegisterationTest - Entered First Name
11:57:26.359 [main] INFO  testCases.TC_001_AccountRegisterationTest - Entered Last Name
11:57:26.471 [main] INFO  testCases.TC_001_AccountRegisterationTest - Entered Email
11:57:26.585 [main] INFO  testCases.TC_001_AccountRegisterationTest - Entered Telephone
11:57:26.681 [main] INFO  testCases.TC_001_AccountRegisterationTest - Entered Password
11:57:26.764 [main] INFO  testCases.TC_001_AccountRegisterationTest - Entered Confirmation Password
11:57:26.828 [main] INFO  testCases.TC_001_AccountRegisterationTest - Select Privacy Policy checkbox
11:57:29.664 [main] INFO  testCases.TC_001_AccountRegisterationTest - Clicked on continue button
11:57:29.700 [main] INFO  testCases.TC_001_AccountRegisterationTest - Validating expected message
11:57:29.700 [main] ERROR testCases.TC_001_AccountRegisterationTest - Test Failed....
12:45:34.603 [main] INFO  testCases.TC_001_AccountRegisterationTest - **** starting TC_001_AccountRegisterationTest ****
12:45:34.724 [main] DEBUG testCases.TC_001_AccountRegisterationTest - Application logs started
12:45:34.863 [main] INFO  testCases.TC_001_AccountRegisterationTest - Clicked on My Account link
12:45:36.014 [main] INFO  testCases.TC_001_AccountRegisterationTest - Clicked on Registration link
12:45:36.166 [main] INFO  testCases.TC_001_AccountRegisterationTest - Entered First Name
12:45:36.263 [main] INFO  testCases.TC_001_AccountRegisterationTest - Entered Last Name
12:45:36.402 [main] INFO  testCases.TC_001_AccountRegisterationTest - Entered Email
12:45:36.524 [main] INFO  testCases.TC_001_AccountRegisterationTest - Entered Telephone
12:45:36.660 [main] INFO  testCases.TC_001_AccountRegisterationTest - Entered Password
12:45:36.757 [main] INFO  testCases.TC_001_AccountRegisterationTest - Entered Confirmation Password
12:45:36.843 [main] INFO  testCases.TC_001_AccountRegisterationTest - Select Privacy Policy checkbox
12:45:39.702 [main] INFO  testCases.TC_001_AccountRegisterationTest - Clicked on continue button
12:45:39.744 [main] INFO  testCases.TC_001_AccountRegisterationTest - Validating expected message
12:45:39.745 [main] ERROR testCases.TC_001_AccountRegisterationTest - Test Failed....
12:53:51.267 [main] INFO  testCases.TC_001_AccountRegisterationTest - **** starting TC_001_AccountRegisterationTest ****
12:53:51.325 [main] DEBUG testCases.TC_001_AccountRegisterationTest - Application logs started
12:53:52.160 [main] INFO  testCases.TC_001_AccountRegisterationTest - Clicked on My Account link
12:53:53.415 [main] INFO  testCases.TC_001_AccountRegisterationTest - Clicked on Registration link
12:53:53.560 [main] INFO  testCases.TC_001_AccountRegisterationTest - Entered First Name
12:53:53.690 [main] INFO  testCases.TC_001_AccountRegisterationTest - Entered Last Name
12:53:53.845 [main] INFO  testCases.TC_001_AccountRegisterationTest - Entered Email
12:53:53.978 [main] INFO  testCases.TC_001_AccountRegisterationTest - Entered Telephone
12:53:54.093 [main] INFO  testCases.TC_001_AccountRegisterationTest - Entered Password
