00:56:38.781 [main] INFO  testCases.TC_001_AccountRegisterationTest - **** starting TC_001_AccountRegisterationTest ****
00:56:38.879 [main] DEBUG testCases.TC_001_AccountRegisterationTest - Application logs started
00:56:39.084 [main] INFO  testCases.TC_001_AccountRegisterationTest - Clicked on My Account link
00:56:40.922 [main] INFO  testCases.TC_001_AccountRegisterationTest - Clicked on Registration link
00:56:41.069 [main] INFO  testCases.TC_001_AccountRegisterationTest - Entered First Name
00:56:41.172 [main] INFO  testCases.TC_001_AccountRegisterationTest - Entered Last Name
00:56:41.346 [main] INFO  testCases.TC_001_AccountRegisterationTest - Entered Email
00:56:41.460 [main] INFO  testCases.TC_001_AccountRegisterationTest - Entered Telephone
00:56:41.545 [main] INFO  testCases.TC_001_AccountRegisterationTest - Entered Password
00:56:41.658 [main] INFO  testCases.TC_001_AccountRegisterationTest - Entered Confirmation Password
00:56:41.770 [main] INFO  testCases.TC_001_AccountRegisterationTest - Select Privacy Policy checkbox
00:56:45.331 [main] INFO  testCases.TC_001_AccountRegisterationTest - Clicked on continue button
00:56:45.558 [main] INFO  testCases.TC_001_AccountRegisterationTest - Validating expected message
00:56:45.560 [main] INFO  testCases.TC_001_AccountRegisterationTest - Test Passes....
00:56:45.565 [main] DEBUG testCases.TC_001_AccountRegisterationTest - Application logs end....
00:56:45.566 [main] INFO  testCases.TC_001_AccountRegisterationTest - **** Finished TC_001_AccountRegisterationTest ****
02:08:34.818 [main] INFO  testCases.TC_002_LoginTest - **** Starting TC_002_LoginTest ****
02:08:34.848 [main] DEBUG testCases.TC_002_LoginTest - capturing application debug logs....
02:08:35.936 [main] INFO  testCases.TC_002_LoginTest - clicked on myaccount link on home page
02:08:36.911 [main] INFO  testCases.TC_002_LoginTest - clicked on login link
02:08:37.191 [main] INFO  testCases.TC_002_LoginTest - Email id entered
02:08:37.313 [main] INFO  testCases.TC_002_LoginTest - Password entered
02:08:38.365 [main] INFO  testCases.TC_002_LoginTest - Clicked on login button
02:08:38.465 [main] INFO  testCases.TC_002_LoginTest - Login test passed
02:08:38.473 [main] INFO  testCases.TC_002_LoginTest - **** Ending TC_002_LoginTest ****
02:20:20.482 [main] INFO  testCases.TC_002_LoginTest - **** Starting TC_002_LoginTest ****
02:20:20.512 [main] DEBUG testCases.TC_002_LoginTest - capturing application debug logs....
02:20:21.632 [main] INFO  testCases.TC_002_LoginTest - clicked on myaccount link on home page
02:20:22.215 [main] INFO  testCases.TC_002_LoginTest - clicked on login link
02:20:22.413 [main] INFO  testCases.TC_002_LoginTest - Email id entered
02:20:22.520 [main] INFO  testCases.TC_002_LoginTest - Password entered
02:20:23.141 [main] INFO  testCases.TC_002_LoginTest - Clicked on login button
02:20:23.192 [main] INFO  testCases.TC_002_LoginTest - Login test passed
02:20:23.195 [main] INFO  testCases.TC_002_LoginTest - **** Ending TC_002_LoginTest ****
02:22:49.371 [main] INFO  testCases.TC_002_LoginTest - **** Starting TC_002_LoginTest ****
02:22:49.379 [main] DEBUG testCases.TC_002_LoginTest - capturing application debug logs....
02:22:51.050 [main] INFO  testCases.TC_002_LoginTest - clicked on myaccount link on home page
02:22:51.712 [main] INFO  testCases.TC_002_LoginTest - clicked on login link
02:22:51.896 [main] INFO  testCases.TC_002_LoginTest - Email id entered
02:22:52.024 [main] INFO  testCases.TC_002_LoginTest - Password entered
02:22:52.579 [main] INFO  testCases.TC_002_LoginTest - Clicked on login button
02:22:52.624 [main] INFO  testCases.TC_002_LoginTest - Login test passed
02:22:52.628 [main] INFO  testCases.TC_002_LoginTest - **** Ending TC_002_LoginTest ****
02:23:55.855 [main] INFO  testCases.TC_002_LoginTest - **** Starting TC_002_LoginTest ****
02:23:55.866 [main] DEBUG testCases.TC_002_LoginTest - capturing application debug logs....
02:23:56.791 [main] INFO  testCases.TC_002_LoginTest - clicked on myaccount link on home page
02:23:57.410 [main] INFO  testCases.TC_002_LoginTest - clicked on login link
02:23:57.568 [main] INFO  testCases.TC_002_LoginTest - Email id entered
02:23:57.665 [main] INFO  testCases.TC_002_LoginTest - Password entered
02:23:58.327 [main] INFO  testCases.TC_002_LoginTest - Clicked on login button
02:23:58.373 [main] INFO  testCases.TC_002_LoginTest - Login test passed
02:23:58.375 [main] INFO  testCases.TC_002_LoginTest - **** Ending TC_002_LoginTest ****
02:26:22.338 [main] INFO  testCases.TC_002_LoginTest - **** Starting TC_002_LoginTest ****
02:26:22.347 [main] DEBUG testCases.TC_002_LoginTest - capturing application debug logs....
02:26:23.202 [main] INFO  testCases.TC_002_LoginTest - clicked on myaccount link on home page
02:26:23.667 [main] INFO  testCases.TC_002_LoginTest - clicked on login link
02:26:23.844 [main] INFO  testCases.TC_002_LoginTest - Email id entered
02:26:23.956 [main] INFO  testCases.TC_002_LoginTest - Password entered
